<?xml version="1.0" encoding="UTF-8"?>
<!-- Generated by org.testng.reporters.JUnitXMLReporter -->
<testsuite ignored="0" hostname="DHANYAA-H7L3KR3" failures="0" tests="6" name="Default test" time="13.254" errors="0" timestamp="2024-02-05T16:26:16 IST">
  <testcase classname="com.api.test.DataDrivenTests" name="testPostUser" time="3.625"/>
  <testcase classname="com.api.test.DataDrivenTests" name="testPostUser" time="1.534"/>
  <testcase classname="com.api.test.DataDrivenTests" name="testPostUser" time="1.525"/>
  <testcase classname="com.api.test.DataDrivenTests" name="testDeleteUserByUserName" time="1.709"/>
  <testcase classname="com.api.test.DataDrivenTests" name="testDeleteUserByUserName" time="1.525"/>
  <testcase classname="com.api.test.DataDrivenTests" name="testDeleteUserByUserName" time="1.532"/>
</testsuite> <!-- Default test -->
