<?xml version="1.0" encoding="UTF-8"?>
<!-- Generated by org.testng.reporters.JUnitXMLReporter -->
<testsuite ignored="0" hostname="DHANYAA-H7L3KR3" failures="0" tests="4" name="Test" time="10.62" errors="0" timestamp="2024-02-07T12:22:15 IST">
  <testcase classname="com.api.test.UserTestCases2" name="postUserTest" time="3.572"/>
  <testcase classname="com.api.test.UserTestCases2" name="getUserTest" time="1.626"/>
  <testcase classname="com.api.test.UserTestCases2" name="updateuserTest" time="2.969"/>
  <testcase classname="com.api.test.UserTestCases2" name="deleteUserTest" time="1.458"/>
</testsuite> <!-- Test -->
