<?xml version="1.0" encoding="UTF-8"?>
<!-- Generated by org.testng.reporters.JUnitXMLReporter -->
<testsuite ignored="0" hostname="DHANYAA-H7L3KR3" failures="0" tests="4" name="APITest" time="8.472" errors="0" timestamp="2024-02-08T10:39:58 IST">
  <testcase classname="com.api.test.UserTestCases" name="postUserTest" time="2.635"/>
  <testcase classname="com.api.test.UserTestCases" name="getUserTest" time="1.27"/>
  <testcase classname="com.api.test.UserTestCases" name="updateuserTest" time="2.593"/>
  <testcase classname="com.api.test.UserTestCases" name="deleteUserTest" time="1.318"/>
</testsuite> <!-- APITest -->
