<?xml version="1.0" encoding="UTF-8"?>
<!-- Generated by org.testng.reporters.JUnitXMLReporter -->
<testsuite ignored="0" hostname="DHANYAA-H7L3KR3" failures="0" tests="4" name="APITest" time="8.59" errors="0" timestamp="2024-02-08T11:24:44 IST">
  <testcase classname="com.api.test.UserTestCases" name="postUserTest" time="2.636"/>
  <testcase classname="com.api.test.UserTestCases" name="getUserTest" time="1.236"/>
  <testcase classname="com.api.test.UserTestCases" name="updateuserTest" time="2.633"/>
  <testcase classname="com.api.test.UserTestCases" name="deleteUserTest" time="1.42"/>
</testsuite> <!-- APITest -->
