<?xml version="1.0" encoding="UTF-8"?>
<!-- Generated by org.testng.reporters.JUnitXMLReporter -->
<testsuite ignored="0" hostname="DHANYAA-H7L3KR3" failures="0" tests="4" name="Test" time="8.292" errors="0" timestamp="2024-02-07T13:33:41 IST">
  <testcase classname="com.api.test.UserTestCases2" name="postUserTest" time="2.569"/>
  <testcase classname="com.api.test.UserTestCases2" name="getUserTest" time="1.256"/>
  <testcase classname="com.api.test.UserTestCases2" name="updateuserTest" time="2.639"/>
  <testcase classname="com.api.test.UserTestCases2" name="deleteUserTest" time="1.2"/>
</testsuite> <!-- Test -->
