<?xml version="1.0" encoding="UTF-8"?>
<testng-results ignored="0" total="4" passed="4" failed="0" skipped="0">
  <reporter-output>
  </reporter-output>
  <suite started-at="2024-02-07T13:33:33 IST" name="Suite" finished-at="2024-02-07T13:33:41 IST" duration-ms="8292">
    <groups>
    </groups>
    <test started-at="2024-02-07T13:33:33 IST" name="Test" finished-at="2024-02-07T13:33:41 IST" duration-ms="8292">
      <class name="com.api.test.UserTestCases2">
        <test-method is-config="true" signature="setData()[pri:0, instance:com.api.test.UserTestCases2@7722c3c3]" started-at="2024-02-07T13:33:33 IST" name="setData" finished-at="2024-02-07T13:33:34 IST" duration-ms="602" status="PASS">
          <reporter-output>
          </reporter-output>
        </test-method> <!-- setData -->
        <test-method signature="postUserTest()[pri:1, instance:com.api.test.UserTestCases2@7722c3c3]" started-at="2024-02-07T13:33:34 IST" name="postUserTest" finished-at="2024-02-07T13:33:36 IST" duration-ms="2569" status="PASS">
          <reporter-output>
          </reporter-output>
        </test-method> <!-- postUserTest -->
        <test-method signature="getUserTest()[pri:2, instance:com.api.test.UserTestCases2@7722c3c3]" started-at="2024-02-07T13:33:36 IST" name="getUserTest" finished-at="2024-02-07T13:33:38 IST" duration-ms="1256" status="PASS">
          <reporter-output>
          </reporter-output>
        </test-method> <!-- getUserTest -->
        <test-method signature="updateuserTest()[pri:3, instance:com.api.test.UserTestCases2@7722c3c3]" started-at="2024-02-07T13:33:38 IST" name="updateuserTest" finished-at="2024-02-07T13:33:40 IST" duration-ms="2639" status="PASS">
          <reporter-output>
          </reporter-output>
        </test-method> <!-- updateuserTest -->
        <test-method signature="deleteUserTest()[pri:4, instance:com.api.test.UserTestCases2@7722c3c3]" started-at="2024-02-07T13:33:40 IST" name="deleteUserTest" finished-at="2024-02-07T13:33:41 IST" duration-ms="1200" status="PASS">
          <reporter-output>
          </reporter-output>
        </test-method> <!-- deleteUserTest -->
      </class> <!-- com.api.test.UserTestCases2 -->
    </test> <!-- Test -->
  </suite> <!-- Suite -->
</testng-results>
