<?xml version="1.0" encoding="UTF-8"?>
<testng-results ignored="0" total="4" passed="4" failed="0" skipped="0">
  <reporter-output>
  </reporter-output>
  <suite started-at="2024-02-08T11:24:36 IST" name="Suite" finished-at="2024-02-08T11:24:44 IST" duration-ms="8590">
    <groups>
    </groups>
    <test started-at="2024-02-08T11:24:36 IST" name="APITest" finished-at="2024-02-08T11:24:44 IST" duration-ms="8590">
      <class name="com.api.test.UserTestCases">
        <test-method is-config="true" signature="setData()[pri:0, instance:com.api.test.UserTestCases@7722c3c3]" started-at="2024-02-08T11:24:36 IST" name="setData" finished-at="2024-02-08T11:24:36 IST" duration-ms="637" status="PASS">
          <reporter-output>
          </reporter-output>
        </test-method> <!-- setData -->
        <test-method signature="postUserTest()[pri:1, instance:com.api.test.UserTestCases@7722c3c3]" started-at="2024-02-08T11:24:36 IST" name="postUserTest" finished-at="2024-02-08T11:24:39 IST" duration-ms="2636" status="PASS">
          <reporter-output>
          </reporter-output>
        </test-method> <!-- postUserTest -->
        <test-method signature="getUserTest()[pri:2, instance:com.api.test.UserTestCases@7722c3c3]" started-at="2024-02-08T11:24:39 IST" name="getUserTest" finished-at="2024-02-08T11:24:40 IST" duration-ms="1236" status="PASS">
          <reporter-output>
          </reporter-output>
        </test-method> <!-- getUserTest -->
        <test-method signature="updateuserTest()[pri:3, instance:com.api.test.UserTestCases@7722c3c3]" started-at="2024-02-08T11:24:40 IST" name="updateuserTest" finished-at="2024-02-08T11:24:43 IST" duration-ms="2633" status="PASS">
          <reporter-output>
          </reporter-output>
        </test-method> <!-- updateuserTest -->
        <test-method signature="deleteUserTest()[pri:4, instance:com.api.test.UserTestCases@7722c3c3]" started-at="2024-02-08T11:24:43 IST" name="deleteUserTest" finished-at="2024-02-08T11:24:44 IST" duration-ms="1420" status="PASS">
          <reporter-output>
          </reporter-output>
        </test-method> <!-- deleteUserTest -->
      </class> <!-- com.api.test.UserTestCases -->
    </test> <!-- APITest -->
  </suite> <!-- Suite -->
</testng-results>
