<?xml version="1.0" encoding="UTF-8"?>
<testng-results ignored="0" total="4" passed="4" failed="0" skipped="0">
  <reporter-output>
  </reporter-output>
  <suite started-at="2024-02-07T12:22:05 IST" name="Suite" finished-at="2024-02-07T12:22:15 IST" duration-ms="10620">
    <groups>
    </groups>
    <test started-at="2024-02-07T12:22:05 IST" name="Test" finished-at="2024-02-07T12:22:15 IST" duration-ms="10620">
      <class name="com.api.test.UserTestCases2">
        <test-method is-config="true" signature="setData()[pri:0, instance:com.api.test.UserTestCases2@1283bb96]" started-at="2024-02-07T12:22:05 IST" name="setData" finished-at="2024-02-07T12:22:05 IST" duration-ms="919" status="PASS">
          <reporter-output>
          </reporter-output>
        </test-method> <!-- setData -->
        <test-method signature="postUserTest()[pri:1, instance:com.api.test.UserTestCases2@1283bb96]" started-at="2024-02-07T12:22:05 IST" name="postUserTest" finished-at="2024-02-07T12:22:09 IST" duration-ms="3572" status="PASS">
          <reporter-output>
          </reporter-output>
        </test-method> <!-- postUserTest -->
        <test-method signature="getUserTest()[pri:2, instance:com.api.test.UserTestCases2@1283bb96]" started-at="2024-02-07T12:22:09 IST" name="getUserTest" finished-at="2024-02-07T12:22:11 IST" duration-ms="1626" status="PASS">
          <reporter-output>
          </reporter-output>
        </test-method> <!-- getUserTest -->
        <test-method signature="updateuserTest()[pri:3, instance:com.api.test.UserTestCases2@1283bb96]" started-at="2024-02-07T12:22:11 IST" name="updateuserTest" finished-at="2024-02-07T12:22:14 IST" duration-ms="2969" status="PASS">
          <reporter-output>
          </reporter-output>
        </test-method> <!-- updateuserTest -->
        <test-method signature="deleteUserTest()[pri:4, instance:com.api.test.UserTestCases2@1283bb96]" started-at="2024-02-07T12:22:14 IST" name="deleteUserTest" finished-at="2024-02-07T12:22:15 IST" duration-ms="1458" status="PASS">
          <reporter-output>
          </reporter-output>
        </test-method> <!-- deleteUserTest -->
      </class> <!-- com.api.test.UserTestCases2 -->
    </test> <!-- Test -->
  </suite> <!-- Suite -->
</testng-results>
